<?xml version="1.0" encoding="UTF-8"?>
<testsuite xmlns:xsi="http://www.w3.org/2001/XMLSchema-instance" xsi:noNamespaceSchemaLocation="https://maven.apache.org/surefire/maven-surefire-plugin/xsd/surefire-test-report-3.0.xsd" version="3.0" name="com.projarq.nameserver.NameserverApplicationTests" time="2.375" tests="1" errors="0" skipped="0" failures="0">
  <properties>
    <property name="java.specification.version" value="23"/>
    <property name="sun.jnu.encoding" value="UTF-8"/>
    <property name="java.class.path" value="/Users/marinayamaguti/Desktop/T2-MS-PROJARQ/nameserver/target/test-classes:/Users/marinayamaguti/Desktop/T2-MS-PROJARQ/nameserver/target/classes:/Users/marinayamaguti/.m2/repository/org/springframework/boot/spring-boot-starter-actuator/3.2.7/spring-boot-starter-actuator-3.2.7.jar:/Users/marinayamaguti/.m2/repository/org/springframework/boot/spring-boot-starter/3.2.7/spring-boot-starter-3.2.7.jar:/Users/marinayamaguti/.m2/repository/org/springframework/boot/spring-boot-starter-logging/3.2.7/spring-boot-starter-logging-3.2.7.jar:/Users/marinayamaguti/.m2/repository/ch/qos/logback/logback-classic/1.4.14/logback-classic-1.4.14.jar:/Users/marinayamaguti/.m2/repository/ch/qos/logback/logback-core/1.4.14/logback-core-1.4.14.jar:/Users/marinayamaguti/.m2/repository/org/apache/logging/log4j/log4j-to-slf4j/2.21.1/log4j-to-slf4j-2.21.1.jar:/Users/marinayamaguti/.m2/repository/org/apache/logging/log4j/log4j-api/2.21.1/log4j-api-2.21.1.jar:/Users/marinayamaguti/.m2/repository/org/slf4j/jul-to-slf4j/2.0.13/jul-to-slf4j-2.0.13.jar:/Users/marinayamaguti/.m2/repository/jakarta/annotation/jakarta.annotation-api/2.1.1/jakarta.annotation-api-2.1.1.jar:/Users/marinayamaguti/.m2/repository/org/yaml/snakeyaml/2.2/snakeyaml-2.2.jar:/Users/marinayamaguti/.m2/repository/org/springframework/boot/spring-boot-actuator-autoconfigure/3.2.7/spring-boot-actuator-autoconfigure-3.2.7.jar:/Users/marinayamaguti/.m2/repository/org/springframework/boot/spring-boot-actuator/3.2.7/spring-boot-actuator-3.2.7.jar:/Users/marinayamaguti/.m2/repository/com/fasterxml/jackson/core/jackson-databind/2.15.4/jackson-databind-2.15.4.jar:/Users/marinayamaguti/.m2/repository/com/fasterxml/jackson/core/jackson-annotations/2.15.4/jackson-annotations-2.15.4.jar:/Users/marinayamaguti/.m2/repository/com/fasterxml/jackson/core/jackson-core/2.15.4/jackson-core-2.15.4.jar:/Users/marinayamaguti/.m2/repository/com/fasterxml/jackson/datatype/jackson-datatype-jsr310/2.15.4/jackson-datatype-jsr310-2.15.4.jar:/Users/marinayamaguti/.m2/repository/io/micrometer/micrometer-observation/1.12.7/micrometer-observation-1.12.7.jar:/Users/marinayamaguti/.m2/repository/io/micrometer/micrometer-commons/1.12.7/micrometer-commons-1.12.7.jar:/Users/marinayamaguti/.m2/repository/io/micrometer/micrometer-jakarta9/1.12.7/micrometer-jakarta9-1.12.7.jar:/Users/marinayamaguti/.m2/repository/io/micrometer/micrometer-core/1.12.7/micrometer-core-1.12.7.jar:/Users/marinayamaguti/.m2/repository/org/hdrhistogram/HdrHistogram/2.1.12/HdrHistogram-2.1.12.jar:/Users/marinayamaguti/.m2/repository/org/latencyutils/LatencyUtils/2.0.3/LatencyUtils-2.0.3.jar:/Users/marinayamaguti/.m2/repository/org/springframework/cloud/spring-cloud-starter-netflix-eureka-server/4.1.2/spring-cloud-starter-netflix-eureka-server-4.1.2.jar:/Users/marinayamaguti/.m2/repository/org/springframework/cloud/spring-cloud-starter/4.1.3/spring-cloud-starter-4.1.3.jar:/Users/marinayamaguti/.m2/repository/org/springframework/cloud/spring-cloud-context/4.1.3/spring-cloud-context-4.1.3.jar:/Users/marinayamaguti/.m2/repository/org/springframework/security/spring-security-crypto/6.2.5/spring-security-crypto-6.2.5.jar:/Users/marinayamaguti/.m2/repository/org/springframework/cloud/spring-cloud-commons/4.1.3/spring-cloud-commons-4.1.3.jar:/Users/marinayamaguti/.m2/repository/org/springframework/security/spring-security-rsa/1.1.3/spring-security-rsa-1.1.3.jar:/Users/marinayamaguti/.m2/repository/org/bouncycastle/bcprov-jdk18on/1.78/bcprov-jdk18on-1.78.jar:/Users/marinayamaguti/.m2/repository/org/springframework/cloud/spring-cloud-netflix-eureka-server/4.1.2/spring-cloud-netflix-eureka-server-4.1.2.jar:/Users/marinayamaguti/.m2/repository/org/springframework/boot/spring-boot-starter-web/3.2.7/spring-boot-starter-web-3.2.7.jar:/Users/marinayamaguti/.m2/repository/org/springframework/boot/spring-boot-starter-json/3.2.7/spring-boot-starter-json-3.2.7.jar:/Users/marinayamaguti/.m2/repository/com/fasterxml/jackson/datatype/jackson-datatype-jdk8/2.15.4/jackson-datatype-jdk8-2.15.4.jar:/Users/marinayamaguti/.m2/repository/com/fasterxml/jackson/module/jackson-module-parameter-names/2.15.4/jackson-module-parameter-names-2.15.4.jar:/Users/marinayamaguti/.m2/repository/org/springframework/boot/spring-boot-starter-tomcat/3.2.7/spring-boot-starter-tomcat-3.2.7.jar:/Users/marinayamaguti/.m2/repository/org/apache/tomcat/embed/tomcat-embed-core/10.1.25/tomcat-embed-core-10.1.25.jar:/Users/marinayamaguti/.m2/repository/org/apache/tomcat/embed/tomcat-embed-el/10.1.25/tomcat-embed-el-10.1.25.jar:/Users/marinayamaguti/.m2/repository/org/apache/tomcat/embed/tomcat-embed-websocket/10.1.25/tomcat-embed-websocket-10.1.25.jar:/Users/marinayamaguti/.m2/repository/org/springframework/spring-web/6.1.10/spring-web-6.1.10.jar:/Users/marinayamaguti/.m2/repository/org/springframework/spring-webmvc/6.1.10/spring-webmvc-6.1.10.jar:/Users/marinayamaguti/.m2/repository/org/springframework/boot/spring-boot-starter-freemarker/3.2.7/spring-boot-starter-freemarker-3.2.7.jar:/Users/marinayamaguti/.m2/repository/org/freemarker/freemarker/2.3.33/freemarker-2.3.33.jar:/Users/marinayamaguti/.m2/repository/org/springframework/spring-context-support/6.1.10/spring-context-support-6.1.10.jar:/Users/marinayamaguti/.m2/repository/org/springframework/cloud/spring-cloud-netflix-eureka-client/4.1.2/spring-cloud-netflix-eureka-client-4.1.2.jar:/Users/marinayamaguti/.m2/repository/com/netflix/eureka/eureka-client/2.0.2/eureka-client-2.0.2.jar:/Users/marinayamaguti/.m2/repository/com/netflix/netflix-commons/netflix-eventbus/0.3.0/netflix-eventbus-0.3.0.jar:/Users/marinayamaguti/.m2/repository/com/netflix/netflix-commons/netflix-infix/0.3.0/netflix-infix-0.3.0.jar:/Users/marinayamaguti/.m2/repository/commons-jxpath/commons-jxpath/1.3/commons-jxpath-1.3.jar:/Users/marinayamaguti/.m2/repository/joda-time/joda-time/2.3/joda-time-2.3.jar:/Users/marinayamaguti/.m2/repository/org/antlr/antlr-runtime/3.4/antlr-runtime-3.4.jar:/Users/marinayamaguti/.m2/repository/org/antlr/stringtemplate/3.2.1/stringtemplate-3.2.1.jar:/Users/marinayamaguti/.m2/repository/antlr/antlr/2.7.7/antlr-2.7.7.jar:/Users/marinayamaguti/.m2/repository/com/google/code/gson/gson/2.10.1/gson-2.10.1.jar:/Users/marinayamaguti/.m2/repository/org/apache/commons/commons-math/2.2/commons-math-2.2.jar:/Users/marinayamaguti/.m2/repository/com/thoughtworks/xstream/xstream/1.4.19/xstream-1.4.19.jar:/Users/marinayamaguti/.m2/repository/io/github/x-stream/mxparser/1.2.2/mxparser-1.2.2.jar:/Users/marinayamaguti/.m2/repository/xmlpull/xmlpull/1.1.3.1/xmlpull-1.1.3.1.jar:/Users/marinayamaguti/.m2/repository/com/netflix/servo/servo-core/0.12.21/servo-core-0.12.21.jar:/Users/marinayamaguti/.m2/repository/com/google/guava/guava/19.0/guava-19.0.jar:/Users/marinayamaguti/.m2/repository/org/apache/httpcomponents/httpclient/4.5.3/httpclient-4.5.3.jar:/Users/marinayamaguti/.m2/repository/org/apache/httpcomponents/httpcore/4.4.16/httpcore-4.4.16.jar:/Users/marinayamaguti/.m2/repository/commons-configuration/commons-configuration/1.10/commons-configuration-1.10.jar:/Users/marinayamaguti/.m2/repository/commons-lang/commons-lang/2.6/commons-lang-2.6.jar:/Users/marinayamaguti/.m2/repository/org/codehaus/jettison/jettison/1.5.4/jettison-1.5.4.jar:/Users/marinayamaguti/.m2/repository/org/apache/httpcomponents/client5/httpclient5/5.2.3/httpclient5-5.2.3.jar:/Users/marinayamaguti/.m2/repository/org/apache/httpcomponents/core5/httpcore5/5.2.4/httpcore5-5.2.4.jar:/Users/marinayamaguti/.m2/repository/org/apache/httpcomponents/core5/httpcore5-h2/5.2.4/httpcore5-h2-5.2.4.jar:/Users/marinayamaguti/.m2/repository/com/netflix/eureka/eureka-client-jersey3/2.0.2/eureka-client-jersey3-2.0.2.jar:/Users/marinayamaguti/.m2/repository/org/glassfish/jersey/connectors/jersey-apache-connector/3.1.7/jersey-apache-connector-3.1.7.jar:/Users/marinayamaguti/.m2/repository/commons-codec/commons-codec/1.16.1/commons-codec-1.16.1.jar:/Users/marinayamaguti/.m2/repository/commons-logging/commons-logging/1.3.1/commons-logging-1.3.1.jar:/Users/marinayamaguti/.m2/repository/com/netflix/eureka/eureka-core-jersey3/2.0.2/eureka-core-jersey3-2.0.2.jar:/Users/marinayamaguti/.m2/repository/com/netflix/eureka/eureka-core/2.0.2/eureka-core-2.0.2.jar:/Users/marinayamaguti/.m2/repository/org/glassfish/jersey/containers/jersey-container-servlet/3.1.7/jersey-container-servlet-3.1.7.jar:/Users/marinayamaguti/.m2/repository/org/glassfish/jersey/containers/jersey-container-servlet-core/3.1.7/jersey-container-servlet-core-3.1.7.jar:/Users/marinayamaguti/.m2/repository/org/glassfish/jersey/core/jersey-common/3.1.7/jersey-common-3.1.7.jar:/Users/marinayamaguti/.m2/repository/org/glassfish/hk2/osgi-resource-locator/1.0.3/osgi-resource-locator-1.0.3.jar:/Users/marinayamaguti/.m2/repository/jakarta/ws/rs/jakarta.ws.rs-api/3.1.0/jakarta.ws.rs-api-3.1.0.jar:/Users/marinayamaguti/.m2/repository/org/glassfish/jersey/core/jersey-server/3.1.7/jersey-server-3.1.7.jar:/Users/marinayamaguti/.m2/repository/jakarta/inject/jakarta.inject-api/2.0.1/jakarta.inject-api-2.0.1.jar:/Users/marinayamaguti/.m2/repository/jakarta/validation/jakarta.validation-api/3.0.2/jakarta.validation-api-3.0.2.jar:/Users/marinayamaguti/.m2/repository/org/glassfish/jersey/core/jersey-client/3.1.7/jersey-client-3.1.7.jar:/Users/marinayamaguti/.m2/repository/org/glassfish/jersey/inject/jersey-hk2/3.1.7/jersey-hk2-3.1.7.jar:/Users/marinayamaguti/.m2/repository/org/glassfish/hk2/hk2-locator/3.0.6/hk2-locator-3.0.6.jar:/Users/marinayamaguti/.m2/repository/org/glassfish/hk2/external/aopalliance-repackaged/3.0.6/aopalliance-repackaged-3.0.6.jar:/Users/marinayamaguti/.m2/repository/org/glassfish/hk2/hk2-utils/3.0.6/hk2-utils-3.0.6.jar:/Users/marinayamaguti/.m2/repository/org/javassist/javassist/3.30.2-GA/javassist-3.30.2-GA.jar:/Users/marinayamaguti/.m2/repository/org/glassfish/hk2/spring-bridge/3.1.0/spring-bridge-3.1.0.jar:/Users/marinayamaguti/.m2/repository/org/glassfish/hk2/hk2-api/3.1.0/hk2-api-3.1.0.jar:/Users/marinayamaguti/.m2/repository/com/fasterxml/jackson/dataformat/jackson-dataformat-xml/2.15.4/jackson-dataformat-xml-2.15.4.jar:/Users/marinayamaguti/.m2/repository/org/codehaus/woodstox/stax2-api/4.2.1/stax2-api-4.2.1.jar:/Users/marinayamaguti/.m2/repository/com/fasterxml/woodstox/woodstox-core/6.5.1/woodstox-core-6.5.1.jar:/Users/marinayamaguti/.m2/repository/org/springframework/cloud/spring-cloud-starter-loadbalancer/4.1.3/spring-cloud-starter-loadbalancer-4.1.3.jar:/Users/marinayamaguti/.m2/repository/org/springframework/cloud/spring-cloud-loadbalancer/4.1.3/spring-cloud-loadbalancer-4.1.3.jar:/Users/marinayamaguti/.m2/repository/io/projectreactor/reactor-core/3.6.7/reactor-core-3.6.7.jar:/Users/marinayamaguti/.m2/repository/org/reactivestreams/reactive-streams/1.0.4/reactive-streams-1.0.4.jar:/Users/marinayamaguti/.m2/repository/io/projectreactor/addons/reactor-extra/3.5.1/reactor-extra-3.5.1.jar:/Users/marinayamaguti/.m2/repository/org/springframework/boot/spring-boot-starter-cache/3.2.7/spring-boot-starter-cache-3.2.7.jar:/Users/marinayamaguti/.m2/repository/com/stoyanr/evictor/1.0.0/evictor-1.0.0.jar:/Users/marinayamaguti/.m2/repository/org/glassfish/jaxb/jaxb-runtime/4.0.5/jaxb-runtime-4.0.5.jar:/Users/marinayamaguti/.m2/repository/org/glassfish/jaxb/jaxb-core/4.0.5/jaxb-core-4.0.5.jar:/Users/marinayamaguti/.m2/repository/org/eclipse/angus/angus-activation/2.0.2/angus-activation-2.0.2.jar:/Users/marinayamaguti/.m2/repository/org/glassfish/jaxb/txw2/4.0.5/txw2-4.0.5.jar:/Users/marinayamaguti/.m2/repository/com/sun/istack/istack-commons-runtime/4.1.2/istack-commons-runtime-4.1.2.jar:/Users/marinayamaguti/.m2/repository/org/springframework/boot/spring-boot-devtools/3.2.7/spring-boot-devtools-3.2.7.jar:/Users/marinayamaguti/.m2/repository/org/springframework/boot/spring-boot/3.2.7/spring-boot-3.2.7.jar:/Users/marinayamaguti/.m2/repository/org/springframework/spring-context/6.1.10/spring-context-6.1.10.jar:/Users/marinayamaguti/.m2/repository/org/springframework/spring-aop/6.1.10/spring-aop-6.1.10.jar:/Users/marinayamaguti/.m2/repository/org/springframework/spring-beans/6.1.10/spring-beans-6.1.10.jar:/Users/marinayamaguti/.m2/repository/org/springframework/spring-expression/6.1.10/spring-expression-6.1.10.jar:/Users/marinayamaguti/.m2/repository/org/springframework/boot/spring-boot-autoconfigure/3.2.7/spring-boot-autoconfigure-3.2.7.jar:/Users/marinayamaguti/.m2/repository/org/springframework/boot/spring-boot-starter-test/3.2.7/spring-boot-starter-test-3.2.7.jar:/Users/marinayamaguti/.m2/repository/org/springframework/boot/spring-boot-test/3.2.7/spring-boot-test-3.2.7.jar:/Users/marinayamaguti/.m2/repository/org/springframework/boot/spring-boot-test-autoconfigure/3.2.7/spring-boot-test-autoconfigure-3.2.7.jar:/Users/marinayamaguti/.m2/repository/com/jayway/jsonpath/json-path/2.9.0/json-path-2.9.0.jar:/Users/marinayamaguti/.m2/repository/org/slf4j/slf4j-api/2.0.13/slf4j-api-2.0.13.jar:/Users/marinayamaguti/.m2/repository/jakarta/xml/bind/jakarta.xml.bind-api/4.0.2/jakarta.xml.bind-api-4.0.2.jar:/Users/marinayamaguti/.m2/repository/jakarta/activation/jakarta.activation-api/2.1.3/jakarta.activation-api-2.1.3.jar:/Users/marinayamaguti/.m2/repository/net/minidev/json-smart/2.5.1/json-smart-2.5.1.jar:/Users/marinayamaguti/.m2/repository/net/minidev/accessors-smart/2.5.1/accessors-smart-2.5.1.jar:/Users/marinayamaguti/.m2/repository/org/ow2/asm/asm/9.6/asm-9.6.jar:/Users/marinayamaguti/.m2/repository/org/assertj/assertj-core/3.24.2/assertj-core-3.24.2.jar:/Users/marinayamaguti/.m2/repository/net/bytebuddy/byte-buddy/1.14.17/byte-buddy-1.14.17.jar:/Users/marinayamaguti/.m2/repository/org/awaitility/awaitility/4.2.1/awaitility-4.2.1.jar:/Users/marinayamaguti/.m2/repository/org/hamcrest/hamcrest/2.2/hamcrest-2.2.jar:/Users/marinayamaguti/.m2/repository/org/junit/jupiter/junit-jupiter/5.10.2/junit-jupiter-5.10.2.jar:/Users/marinayamaguti/.m2/repository/org/junit/jupiter/junit-jupiter-api/5.10.2/junit-jupiter-api-5.10.2.jar:/Users/marinayamaguti/.m2/repository/org/opentest4j/opentest4j/1.3.0/opentest4j-1.3.0.jar:/Users/marinayamaguti/.m2/repository/org/junit/platform/junit-platform-commons/1.10.2/junit-platform-commons-1.10.2.jar:/Users/marinayamaguti/.m2/repository/org/apiguardian/apiguardian-api/1.1.2/apiguardian-api-1.1.2.jar:/Users/marinayamaguti/.m2/repository/org/junit/jupiter/junit-jupiter-params/5.10.2/junit-jupiter-params-5.10.2.jar:/Users/marinayamaguti/.m2/repository/org/junit/jupiter/junit-jupiter-engine/5.10.2/junit-jupiter-engine-5.10.2.jar:/Users/marinayamaguti/.m2/repository/org/junit/platform/junit-platform-engine/1.10.2/junit-platform-engine-1.10.2.jar:/Users/marinayamaguti/.m2/repository/org/mockito/mockito-core/5.7.0/mockito-core-5.7.0.jar:/Users/marinayamaguti/.m2/repository/net/bytebuddy/byte-buddy-agent/1.14.17/byte-buddy-agent-1.14.17.jar:/Users/marinayamaguti/.m2/repository/org/objenesis/objenesis/3.3/objenesis-3.3.jar:/Users/marinayamaguti/.m2/repository/org/mockito/mockito-junit-jupiter/5.7.0/mockito-junit-jupiter-5.7.0.jar:/Users/marinayamaguti/.m2/repository/org/skyscreamer/jsonassert/1.5.1/jsonassert-1.5.1.jar:/Users/marinayamaguti/.m2/repository/com/vaadin/external/google/android-json/0.0.20131108.vaadin1/android-json-0.0.20131108.vaadin1.jar:/Users/marinayamaguti/.m2/repository/org/springframework/spring-core/6.1.10/spring-core-6.1.10.jar:/Users/marinayamaguti/.m2/repository/org/springframework/spring-jcl/6.1.10/spring-jcl-6.1.10.jar:/Users/marinayamaguti/.m2/repository/org/springframework/spring-test/6.1.10/spring-test-6.1.10.jar:/Users/marinayamaguti/.m2/repository/org/xmlunit/xmlunit-core/2.9.1/xmlunit-core-2.9.1.jar:"/>
    <property name="java.vm.vendor" value="Homebrew"/>
    <property name="sun.arch.data.model" value="64"/>
    <property name="java.vendor.url" value="https://github.com/Homebrew/homebrew-core/issues"/>
    <property name="user.timezone" value="America/Sao_Paulo"/>
    <property name="os.name" value="Mac OS X"/>
    <property name="java.vm.specification.version" value="23"/>
    <property name="sun.java.launcher" value="SUN_STANDARD"/>
    <property name="user.country" value="BR"/>
    <property name="sun.boot.library.path" value="/opt/homebrew/Cellar/openjdk/23.0.1/libexec/openjdk.jdk/Contents/Home/lib"/>
    <property name="sun.java.command" value="/Users/marinayamaguti/Desktop/T2-MS-PROJARQ/nameserver/target/surefire/surefirebooter-20241124125850766_3.jar /Users/marinayamaguti/Desktop/T2-MS-PROJARQ/nameserver/target/surefire 2024-11-24T12-58-50_727-jvmRun1 surefire-20241124125850766_1tmp surefire_0-20241124125850766_2tmp"/>
    <property name="jdk.debug" value="release"/>
    <property name="surefire.test.class.path" value="/Users/marinayamaguti/Desktop/T2-MS-PROJARQ/nameserver/target/test-classes:/Users/marinayamaguti/Desktop/T2-MS-PROJARQ/nameserver/target/classes:/Users/marinayamaguti/.m2/repository/org/springframework/boot/spring-boot-starter-actuator/3.2.7/spring-boot-starter-actuator-3.2.7.jar:/Users/marinayamaguti/.m2/repository/org/springframework/boot/spring-boot-starter/3.2.7/spring-boot-starter-3.2.7.jar:/Users/marinayamaguti/.m2/repository/org/springframework/boot/spring-boot-starter-logging/3.2.7/spring-boot-starter-logging-3.2.7.jar:/Users/marinayamaguti/.m2/repository/ch/qos/logback/logback-classic/1.4.14/logback-classic-1.4.14.jar:/Users/marinayamaguti/.m2/repository/ch/qos/logback/logback-core/1.4.14/logback-core-1.4.14.jar:/Users/marinayamaguti/.m2/repository/org/apache/logging/log4j/log4j-to-slf4j/2.21.1/log4j-to-slf4j-2.21.1.jar:/Users/marinayamaguti/.m2/repository/org/apache/logging/log4j/log4j-api/2.21.1/log4j-api-2.21.1.jar:/Users/marinayamaguti/.m2/repository/org/slf4j/jul-to-slf4j/2.0.13/jul-to-slf4j-2.0.13.jar:/Users/marinayamaguti/.m2/repository/jakarta/annotation/jakarta.annotation-api/2.1.1/jakarta.annotation-api-2.1.1.jar:/Users/marinayamaguti/.m2/repository/org/yaml/snakeyaml/2.2/snakeyaml-2.2.jar:/Users/marinayamaguti/.m2/repository/org/springframework/boot/spring-boot-actuator-autoconfigure/3.2.7/spring-boot-actuator-autoconfigure-3.2.7.jar:/Users/marinayamaguti/.m2/repository/org/springframework/boot/spring-boot-actuator/3.2.7/spring-boot-actuator-3.2.7.jar:/Users/marinayamaguti/.m2/repository/com/fasterxml/jackson/core/jackson-databind/2.15.4/jackson-databind-2.15.4.jar:/Users/marinayamaguti/.m2/repository/com/fasterxml/jackson/core/jackson-annotations/2.15.4/jackson-annotations-2.15.4.jar:/Users/marinayamaguti/.m2/repository/com/fasterxml/jackson/core/jackson-core/2.15.4/jackson-core-2.15.4.jar:/Users/marinayamaguti/.m2/repository/com/fasterxml/jackson/datatype/jackson-datatype-jsr310/2.15.4/jackson-datatype-jsr310-2.15.4.jar:/Users/marinayamaguti/.m2/repository/io/micrometer/micrometer-observation/1.12.7/micrometer-observation-1.12.7.jar:/Users/marinayamaguti/.m2/repository/io/micrometer/micrometer-commons/1.12.7/micrometer-commons-1.12.7.jar:/Users/marinayamaguti/.m2/repository/io/micrometer/micrometer-jakarta9/1.12.7/micrometer-jakarta9-1.12.7.jar:/Users/marinayamaguti/.m2/repository/io/micrometer/micrometer-core/1.12.7/micrometer-core-1.12.7.jar:/Users/marinayamaguti/.m2/repository/org/hdrhistogram/HdrHistogram/2.1.12/HdrHistogram-2.1.12.jar:/Users/marinayamaguti/.m2/repository/org/latencyutils/LatencyUtils/2.0.3/LatencyUtils-2.0.3.jar:/Users/marinayamaguti/.m2/repository/org/springframework/cloud/spring-cloud-starter-netflix-eureka-server/4.1.2/spring-cloud-starter-netflix-eureka-server-4.1.2.jar:/Users/marinayamaguti/.m2/repository/org/springframework/cloud/spring-cloud-starter/4.1.3/spring-cloud-starter-4.1.3.jar:/Users/marinayamaguti/.m2/repository/org/springframework/cloud/spring-cloud-context/4.1.3/spring-cloud-context-4.1.3.jar:/Users/marinayamaguti/.m2/repository/org/springframework/security/spring-security-crypto/6.2.5/spring-security-crypto-6.2.5.jar:/Users/marinayamaguti/.m2/repository/org/springframework/cloud/spring-cloud-commons/4.1.3/spring-cloud-commons-4.1.3.jar:/Users/marinayamaguti/.m2/repository/org/springframework/security/spring-security-rsa/1.1.3/spring-security-rsa-1.1.3.jar:/Users/marinayamaguti/.m2/repository/org/bouncycastle/bcprov-jdk18on/1.78/bcprov-jdk18on-1.78.jar:/Users/marinayamaguti/.m2/repository/org/springframework/cloud/spring-cloud-netflix-eureka-server/4.1.2/spring-cloud-netflix-eureka-server-4.1.2.jar:/Users/marinayamaguti/.m2/repository/org/springframework/boot/spring-boot-starter-web/3.2.7/spring-boot-starter-web-3.2.7.jar:/Users/marinayamaguti/.m2/repository/org/springframework/boot/spring-boot-starter-json/3.2.7/spring-boot-starter-json-3.2.7.jar:/Users/marinayamaguti/.m2/repository/com/fasterxml/jackson/datatype/jackson-datatype-jdk8/2.15.4/jackson-datatype-jdk8-2.15.4.jar:/Users/marinayamaguti/.m2/repository/com/fasterxml/jackson/module/jackson-module-parameter-names/2.15.4/jackson-module-parameter-names-2.15.4.jar:/Users/marinayamaguti/.m2/repository/org/springframework/boot/spring-boot-starter-tomcat/3.2.7/spring-boot-starter-tomcat-3.2.7.jar:/Users/marinayamaguti/.m2/repository/org/apache/tomcat/embed/tomcat-embed-core/10.1.25/tomcat-embed-core-10.1.25.jar:/Users/marinayamaguti/.m2/repository/org/apache/tomcat/embed/tomcat-embed-el/10.1.25/tomcat-embed-el-10.1.25.jar:/Users/marinayamaguti/.m2/repository/org/apache/tomcat/embed/tomcat-embed-websocket/10.1.25/tomcat-embed-websocket-10.1.25.jar:/Users/marinayamaguti/.m2/repository/org/springframework/spring-web/6.1.10/spring-web-6.1.10.jar:/Users/marinayamaguti/.m2/repository/org/springframework/spring-webmvc/6.1.10/spring-webmvc-6.1.10.jar:/Users/marinayamaguti/.m2/repository/org/springframework/boot/spring-boot-starter-freemarker/3.2.7/spring-boot-starter-freemarker-3.2.7.jar:/Users/marinayamaguti/.m2/repository/org/freemarker/freemarker/2.3.33/freemarker-2.3.33.jar:/Users/marinayamaguti/.m2/repository/org/springframework/spring-context-support/6.1.10/spring-context-support-6.1.10.jar:/Users/marinayamaguti/.m2/repository/org/springframework/cloud/spring-cloud-netflix-eureka-client/4.1.2/spring-cloud-netflix-eureka-client-4.1.2.jar:/Users/marinayamaguti/.m2/repository/com/netflix/eureka/eureka-client/2.0.2/eureka-client-2.0.2.jar:/Users/marinayamaguti/.m2/repository/com/netflix/netflix-commons/netflix-eventbus/0.3.0/netflix-eventbus-0.3.0.jar:/Users/marinayamaguti/.m2/repository/com/netflix/netflix-commons/netflix-infix/0.3.0/netflix-infix-0.3.0.jar:/Users/marinayamaguti/.m2/repository/commons-jxpath/commons-jxpath/1.3/commons-jxpath-1.3.jar:/Users/marinayamaguti/.m2/repository/joda-time/joda-time/2.3/joda-time-2.3.jar:/Users/marinayamaguti/.m2/repository/org/antlr/antlr-runtime/3.4/antlr-runtime-3.4.jar:/Users/marinayamaguti/.m2/repository/org/antlr/stringtemplate/3.2.1/stringtemplate-3.2.1.jar:/Users/marinayamaguti/.m2/repository/antlr/antlr/2.7.7/antlr-2.7.7.jar:/Users/marinayamaguti/.m2/repository/com/google/code/gson/gson/2.10.1/gson-2.10.1.jar:/Users/marinayamaguti/.m2/repository/org/apache/commons/commons-math/2.2/commons-math-2.2.jar:/Users/marinayamaguti/.m2/repository/com/thoughtworks/xstream/xstream/1.4.19/xstream-1.4.19.jar:/Users/marinayamaguti/.m2/repository/io/github/x-stream/mxparser/1.2.2/mxparser-1.2.2.jar:/Users/marinayamaguti/.m2/repository/xmlpull/xmlpull/1.1.3.1/xmlpull-1.1.3.1.jar:/Users/marinayamaguti/.m2/repository/com/netflix/servo/servo-core/0.12.21/servo-core-0.12.21.jar:/Users/marinayamaguti/.m2/repository/com/google/guava/guava/19.0/guava-19.0.jar:/Users/marinayamaguti/.m2/repository/org/apache/httpcomponents/httpclient/4.5.3/httpclient-4.5.3.jar:/Users/marinayamaguti/.m2/repository/org/apache/httpcomponents/httpcore/4.4.16/httpcore-4.4.16.jar:/Users/marinayamaguti/.m2/repository/commons-configuration/commons-configuration/1.10/commons-configuration-1.10.jar:/Users/marinayamaguti/.m2/repository/commons-lang/commons-lang/2.6/commons-lang-2.6.jar:/Users/marinayamaguti/.m2/repository/org/codehaus/jettison/jettison/1.5.4/jettison-1.5.4.jar:/Users/marinayamaguti/.m2/repository/org/apache/httpcomponents/client5/httpclient5/5.2.3/httpclient5-5.2.3.jar:/Users/marinayamaguti/.m2/repository/org/apache/httpcomponents/core5/httpcore5/5.2.4/httpcore5-5.2.4.jar:/Users/marinayamaguti/.m2/repository/org/apache/httpcomponents/core5/httpcore5-h2/5.2.4/httpcore5-h2-5.2.4.jar:/Users/marinayamaguti/.m2/repository/com/netflix/eureka/eureka-client-jersey3/2.0.2/eureka-client-jersey3-2.0.2.jar:/Users/marinayamaguti/.m2/repository/org/glassfish/jersey/connectors/jersey-apache-connector/3.1.7/jersey-apache-connector-3.1.7.jar:/Users/marinayamaguti/.m2/repository/commons-codec/commons-codec/1.16.1/commons-codec-1.16.1.jar:/Users/marinayamaguti/.m2/repository/commons-logging/commons-logging/1.3.1/commons-logging-1.3.1.jar:/Users/marinayamaguti/.m2/repository/com/netflix/eureka/eureka-core-jersey3/2.0.2/eureka-core-jersey3-2.0.2.jar:/Users/marinayamaguti/.m2/repository/com/netflix/eureka/eureka-core/2.0.2/eureka-core-2.0.2.jar:/Users/marinayamaguti/.m2/repository/org/glassfish/jersey/containers/jersey-container-servlet/3.1.7/jersey-container-servlet-3.1.7.jar:/Users/marinayamaguti/.m2/repository/org/glassfish/jersey/containers/jersey-container-servlet-core/3.1.7/jersey-container-servlet-core-3.1.7.jar:/Users/marinayamaguti/.m2/repository/org/glassfish/jersey/core/jersey-common/3.1.7/jersey-common-3.1.7.jar:/Users/marinayamaguti/.m2/repository/org/glassfish/hk2/osgi-resource-locator/1.0.3/osgi-resource-locator-1.0.3.jar:/Users/marinayamaguti/.m2/repository/jakarta/ws/rs/jakarta.ws.rs-api/3.1.0/jakarta.ws.rs-api-3.1.0.jar:/Users/marinayamaguti/.m2/repository/org/glassfish/jersey/core/jersey-server/3.1.7/jersey-server-3.1.7.jar:/Users/marinayamaguti/.m2/repository/jakarta/inject/jakarta.inject-api/2.0.1/jakarta.inject-api-2.0.1.jar:/Users/marinayamaguti/.m2/repository/jakarta/validation/jakarta.validation-api/3.0.2/jakarta.validation-api-3.0.2.jar:/Users/marinayamaguti/.m2/repository/org/glassfish/jersey/core/jersey-client/3.1.7/jersey-client-3.1.7.jar:/Users/marinayamaguti/.m2/repository/org/glassfish/jersey/inject/jersey-hk2/3.1.7/jersey-hk2-3.1.7.jar:/Users/marinayamaguti/.m2/repository/org/glassfish/hk2/hk2-locator/3.0.6/hk2-locator-3.0.6.jar:/Users/marinayamaguti/.m2/repository/org/glassfish/hk2/external/aopalliance-repackaged/3.0.6/aopalliance-repackaged-3.0.6.jar:/Users/marinayamaguti/.m2/repository/org/glassfish/hk2/hk2-utils/3.0.6/hk2-utils-3.0.6.jar:/Users/marinayamaguti/.m2/repository/org/javassist/javassist/3.30.2-GA/javassist-3.30.2-GA.jar:/Users/marinayamaguti/.m2/repository/org/glassfish/hk2/spring-bridge/3.1.0/spring-bridge-3.1.0.jar:/Users/marinayamaguti/.m2/repository/org/glassfish/hk2/hk2-api/3.1.0/hk2-api-3.1.0.jar:/Users/marinayamaguti/.m2/repository/com/fasterxml/jackson/dataformat/jackson-dataformat-xml/2.15.4/jackson-dataformat-xml-2.15.4.jar:/Users/marinayamaguti/.m2/repository/org/codehaus/woodstox/stax2-api/4.2.1/stax2-api-4.2.1.jar:/Users/marinayamaguti/.m2/repository/com/fasterxml/woodstox/woodstox-core/6.5.1/woodstox-core-6.5.1.jar:/Users/marinayamaguti/.m2/repository/org/springframework/cloud/spring-cloud-starter-loadbalancer/4.1.3/spring-cloud-starter-loadbalancer-4.1.3.jar:/Users/marinayamaguti/.m2/repository/org/springframework/cloud/spring-cloud-loadbalancer/4.1.3/spring-cloud-loadbalancer-4.1.3.jar:/Users/marinayamaguti/.m2/repository/io/projectreactor/reactor-core/3.6.7/reactor-core-3.6.7.jar:/Users/marinayamaguti/.m2/repository/org/reactivestreams/reactive-streams/1.0.4/reactive-streams-1.0.4.jar:/Users/marinayamaguti/.m2/repository/io/projectreactor/addons/reactor-extra/3.5.1/reactor-extra-3.5.1.jar:/Users/marinayamaguti/.m2/repository/org/springframework/boot/spring-boot-starter-cache/3.2.7/spring-boot-starter-cache-3.2.7.jar:/Users/marinayamaguti/.m2/repository/com/stoyanr/evictor/1.0.0/evictor-1.0.0.jar:/Users/marinayamaguti/.m2/repository/org/glassfish/jaxb/jaxb-runtime/4.0.5/jaxb-runtime-4.0.5.jar:/Users/marinayamaguti/.m2/repository/org/glassfish/jaxb/jaxb-core/4.0.5/jaxb-core-4.0.5.jar:/Users/marinayamaguti/.m2/repository/org/eclipse/angus/angus-activation/2.0.2/angus-activation-2.0.2.jar:/Users/marinayamaguti/.m2/repository/org/glassfish/jaxb/txw2/4.0.5/txw2-4.0.5.jar:/Users/marinayamaguti/.m2/repository/com/sun/istack/istack-commons-runtime/4.1.2/istack-commons-runtime-4.1.2.jar:/Users/marinayamaguti/.m2/repository/org/springframework/boot/spring-boot-devtools/3.2.7/spring-boot-devtools-3.2.7.jar:/Users/marinayamaguti/.m2/repository/org/springframework/boot/spring-boot/3.2.7/spring-boot-3.2.7.jar:/Users/marinayamaguti/.m2/repository/org/springframework/spring-context/6.1.10/spring-context-6.1.10.jar:/Users/marinayamaguti/.m2/repository/org/springframework/spring-aop/6.1.10/spring-aop-6.1.10.jar:/Users/marinayamaguti/.m2/repository/org/springframework/spring-beans/6.1.10/spring-beans-6.1.10.jar:/Users/marinayamaguti/.m2/repository/org/springframework/spring-expression/6.1.10/spring-expression-6.1.10.jar:/Users/marinayamaguti/.m2/repository/org/springframework/boot/spring-boot-autoconfigure/3.2.7/spring-boot-autoconfigure-3.2.7.jar:/Users/marinayamaguti/.m2/repository/org/springframework/boot/spring-boot-starter-test/3.2.7/spring-boot-starter-test-3.2.7.jar:/Users/marinayamaguti/.m2/repository/org/springframework/boot/spring-boot-test/3.2.7/spring-boot-test-3.2.7.jar:/Users/marinayamaguti/.m2/repository/org/springframework/boot/spring-boot-test-autoconfigure/3.2.7/spring-boot-test-autoconfigure-3.2.7.jar:/Users/marinayamaguti/.m2/repository/com/jayway/jsonpath/json-path/2.9.0/json-path-2.9.0.jar:/Users/marinayamaguti/.m2/repository/org/slf4j/slf4j-api/2.0.13/slf4j-api-2.0.13.jar:/Users/marinayamaguti/.m2/repository/jakarta/xml/bind/jakarta.xml.bind-api/4.0.2/jakarta.xml.bind-api-4.0.2.jar:/Users/marinayamaguti/.m2/repository/jakarta/activation/jakarta.activation-api/2.1.3/jakarta.activation-api-2.1.3.jar:/Users/marinayamaguti/.m2/repository/net/minidev/json-smart/2.5.1/json-smart-2.5.1.jar:/Users/marinayamaguti/.m2/repository/net/minidev/accessors-smart/2.5.1/accessors-smart-2.5.1.jar:/Users/marinayamaguti/.m2/repository/org/ow2/asm/asm/9.6/asm-9.6.jar:/Users/marinayamaguti/.m2/repository/org/assertj/assertj-core/3.24.2/assertj-core-3.24.2.jar:/Users/marinayamaguti/.m2/repository/net/bytebuddy/byte-buddy/1.14.17/byte-buddy-1.14.17.jar:/Users/marinayamaguti/.m2/repository/org/awaitility/awaitility/4.2.1/awaitility-4.2.1.jar:/Users/marinayamaguti/.m2/repository/org/hamcrest/hamcrest/2.2/hamcrest-2.2.jar:/Users/marinayamaguti/.m2/repository/org/junit/jupiter/junit-jupiter/5.10.2/junit-jupiter-5.10.2.jar:/Users/marinayamaguti/.m2/repository/org/junit/jupiter/junit-jupiter-api/5.10.2/junit-jupiter-api-5.10.2.jar:/Users/marinayamaguti/.m2/repository/org/opentest4j/opentest4j/1.3.0/opentest4j-1.3.0.jar:/Users/marinayamaguti/.m2/repository/org/junit/platform/junit-platform-commons/1.10.2/junit-platform-commons-1.10.2.jar:/Users/marinayamaguti/.m2/repository/org/apiguardian/apiguardian-api/1.1.2/apiguardian-api-1.1.2.jar:/Users/marinayamaguti/.m2/repository/org/junit/jupiter/junit-jupiter-params/5.10.2/junit-jupiter-params-5.10.2.jar:/Users/marinayamaguti/.m2/repository/org/junit/jupiter/junit-jupiter-engine/5.10.2/junit-jupiter-engine-5.10.2.jar:/Users/marinayamaguti/.m2/repository/org/junit/platform/junit-platform-engine/1.10.2/junit-platform-engine-1.10.2.jar:/Users/marinayamaguti/.m2/repository/org/mockito/mockito-core/5.7.0/mockito-core-5.7.0.jar:/Users/marinayamaguti/.m2/repository/net/bytebuddy/byte-buddy-agent/1.14.17/byte-buddy-agent-1.14.17.jar:/Users/marinayamaguti/.m2/repository/org/objenesis/objenesis/3.3/objenesis-3.3.jar:/Users/marinayamaguti/.m2/repository/org/mockito/mockito-junit-jupiter/5.7.0/mockito-junit-jupiter-5.7.0.jar:/Users/marinayamaguti/.m2/repository/org/skyscreamer/jsonassert/1.5.1/jsonassert-1.5.1.jar:/Users/marinayamaguti/.m2/repository/com/vaadin/external/google/android-json/0.0.20131108.vaadin1/android-json-0.0.20131108.vaadin1.jar:/Users/marinayamaguti/.m2/repository/org/springframework/spring-core/6.1.10/spring-core-6.1.10.jar:/Users/marinayamaguti/.m2/repository/org/springframework/spring-jcl/6.1.10/spring-jcl-6.1.10.jar:/Users/marinayamaguti/.m2/repository/org/springframework/spring-test/6.1.10/spring-test-6.1.10.jar:/Users/marinayamaguti/.m2/repository/org/xmlunit/xmlunit-core/2.9.1/xmlunit-core-2.9.1.jar:"/>
    <property name="sun.cpu.endian" value="little"/>
    <property name="user.home" value="/Users/marinayamaguti"/>
    <property name="user.language" value="en"/>
    <property name="java.specification.vendor" value="Oracle Corporation"/>
    <property name="java.version.date" value="2024-10-15"/>
    <property name="java.home" value="/opt/homebrew/Cellar/openjdk/23.0.1/libexec/openjdk.jdk/Contents/Home"/>
    <property name="file.separator" value="/"/>
    <property name="basedir" value="/Users/marinayamaguti/Desktop/T2-MS-PROJARQ/nameserver"/>
    <property name="java.vm.compressedOopsMode" value="Zero based"/>
    <property name="line.separator" value="&#10;"/>
    <property name="java.vm.specification.vendor" value="Oracle Corporation"/>
    <property name="java.specification.name" value="Java Platform API Specification"/>
    <property name="FILE_LOG_CHARSET" value="UTF-8"/>
    <property name="java.awt.headless" value="true"/>
    <property name="apple.awt.application.name" value="ForkedBooter"/>
    <property name="surefire.real.class.path" value="/Users/marinayamaguti/Desktop/T2-MS-PROJARQ/nameserver/target/surefire/surefirebooter-20241124125850766_3.jar"/>
    <property name="sun.management.compiler" value="HotSpot 64-Bit Tiered Compilers"/>
    <property name="java.runtime.version" value="23.0.1"/>
    <property name="user.name" value="marinayamaguti"/>
    <property name="stdout.encoding" value="UTF-8"/>
    <property name="path.separator" value=":"/>
    <property name="os.version" value="15.0.1"/>
    <property name="java.runtime.name" value="OpenJDK Runtime Environment"/>
    <property name="file.encoding" value="UTF-8"/>
    <property name="java.vm.name" value="OpenJDK 64-Bit Server VM"/>
    <property name="java.vendor.version" value="Homebrew"/>
    <property name="localRepository" value="/Users/marinayamaguti/.m2/repository"/>
    <property name="java.vendor.url.bug" value="https://github.com/Homebrew/homebrew-core/issues"/>
    <property name="java.io.tmpdir" value="/var/folders/nq/xnxypj3x2670_hg21gh9kbz40000gq/T/"/>
    <property name="java.version" value="23.0.1"/>
    <property name="user.dir" value="/Users/marinayamaguti/Desktop/T2-MS-PROJARQ/nameserver"/>
    <property name="os.arch" value="aarch64"/>
    <property name="java.vm.specification.name" value="Java Virtual Machine Specification"/>
    <property name="PID" value="93183"/>
    <property name="CONSOLE_LOG_CHARSET" value="UTF-8"/>
    <property name="native.encoding" value="UTF-8"/>
    <property name="java.library.path" value="/Users/marinayamaguti/Library/Java/Extensions:/Library/Java/Extensions:/Network/Library/Java/Extensions:/System/Library/Java/Extensions:/usr/lib/java:."/>
    <property name="java.vm.info" value="mixed mode, sharing"/>
    <property name="stderr.encoding" value="UTF-8"/>
    <property name="java.vendor" value="Homebrew"/>
    <property name="java.vm.version" value="23.0.1"/>
    <property name="sun.io.unicode.encoding" value="UnicodeBig"/>
    <property name="java.class.version" value="67.0"/>
    <property name="LOGGED_APPLICATION_NAME" value="[nameserver] "/>
  </properties>
  <testcase name="contextLoads" classname="com.projarq.nameserver.NameserverApplicationTests" time="0.475">
    <system-out><![CDATA[Standard Commons Logging discovery in action with spring-jcl: please remove commons-logging.jar from classpath in order to avoid potential conflicts
12:58:51.238 [main] INFO org.springframework.test.context.support.AnnotationConfigContextLoaderUtils -- Could not detect default configuration classes for test class [com.projarq.nameserver.NameserverApplicationTests]: NameserverApplicationTests does not declare any static, non-private, non-final, nested classes annotated with @Configuration.
12:58:51.291 [main] INFO org.springframework.boot.test.context.SpringBootTestContextBootstrapper -- Found @SpringBootConfiguration com.projarq.nameserver.NameserverApplication for test class com.projarq.nameserver.NameserverApplicationTests
12:58:51.365 [main] INFO org.springframework.boot.devtools.restart.RestartApplicationListener -- Restart disabled due to context in which it is running

  .   ____          _            __ _ _
 /\\ / ___'_ __ _ _(_)_ __  __ _ \ \ \ \
( ( )\___ | '_ | '_| | '_ \/ _` | \ \ \ \
 \\/  ___)| |_)| | | | | || (_| |  ) ) ) )
  '  |____| .__|_| |_|_| |_\__, | / / / /
 =========|_|==============|___/=/_/_/_/
 :: Spring Boot ::                (v3.2.7)

2024-11-24T12:58:51.505-03:00  INFO 93183 --- [nameserver] [           main] c.p.n.NameserverApplicationTests         : Starting NameserverApplicationTests using Java 23.0.1 with PID 93183 (started by marinayamaguti in /Users/marinayamaguti/Desktop/T2-MS-PROJARQ/nameserver)
2024-11-24T12:58:51.506-03:00  INFO 93183 --- [nameserver] [           main] c.p.n.NameserverApplicationTests         : No active profile set, falling back to 1 default profile: "default"
2024-11-24T12:58:52.010-03:00  INFO 93183 --- [nameserver] [           main] o.s.cloud.context.scope.GenericScope     : BeanFactory id=521e398f-9c88-387d-8dd0-e3462123b469
2024-11-24T12:58:52.058-03:00  WARN 93183 --- [nameserver] [           main] trationDelegate$BeanPostProcessorChecker : Bean 'org.springframework.cloud.client.loadbalancer.LoadBalancerAutoConfiguration$DeferringLoadBalancerInterceptorConfig' of type [org.springframework.cloud.client.loadbalancer.LoadBalancerAutoConfiguration$DeferringLoadBalancerInterceptorConfig] is not eligible for getting processed by all BeanPostProcessors (for example: not eligible for auto-proxying). The currently created BeanPostProcessor [lbRestClientPostProcessor] is declared through a non-static factory method on that class; consider declaring it as static instead.
2024-11-24T12:58:52.060-03:00  WARN 93183 --- [nameserver] [           main] trationDelegate$BeanPostProcessorChecker : Bean 'deferringLoadBalancerInterceptor' of type [org.springframework.cloud.client.loadbalancer.DeferringLoadBalancerInterceptor] is not eligible for getting processed by all BeanPostProcessors (for example: not eligible for auto-proxying). Is this bean getting eagerly injected into a currently created BeanPostProcessor [lbRestClientPostProcessor]? Check the corresponding BeanPostProcessor declaration and its dependencies.
2024-11-24T12:58:52.597-03:00  WARN 93183 --- [nameserver] [           main] iguration$LoadBalancerCaffeineWarnLogger : Spring Cloud LoadBalancer is currently working with the default cache. While this cache implementation is useful for development and tests, it's recommended to use Caffeine cache in production.You can switch to using Caffeine cache, by adding it and org.springframework.cache.caffeine.CaffeineCacheManager to the classpath.
2024-11-24T12:58:52.747-03:00  INFO 93183 --- [nameserver] [           main] o.s.c.n.eureka.InstanceInfoFactory       : Setting initial instance status as: STARTING
2024-11-24T12:58:52.757-03:00  INFO 93183 --- [nameserver] [           main] com.netflix.discovery.DiscoveryClient    : Initializing Eureka in region us-east-1
2024-11-24T12:58:52.758-03:00  INFO 93183 --- [nameserver] [           main] com.netflix.discovery.DiscoveryClient    : Client configured to neither register nor query for data.
2024-11-24T12:58:52.761-03:00  INFO 93183 --- [nameserver] [           main] com.netflix.discovery.DiscoveryClient    : Discovery Client initialized at timestamp 1732463932760 with initial instances count: 0
2024-11-24T12:58:52.778-03:00  INFO 93183 --- [nameserver] [           main] c.n.eureka.DefaultEurekaServerContext    : Initializing ...
2024-11-24T12:58:52.779-03:00  INFO 93183 --- [nameserver] [           main] c.n.eureka.cluster.PeerEurekaNodes       : Adding new peer nodes [http://localhost:8761/eureka/]
2024-11-24T12:58:52.853-03:00  INFO 93183 --- [nameserver] [           main] c.n.d.provider.DiscoveryJerseyProvider   : Using JSON encoding codec LegacyJacksonJson
2024-11-24T12:58:52.853-03:00  INFO 93183 --- [nameserver] [           main] c.n.d.provider.DiscoveryJerseyProvider   : Using JSON decoding codec LegacyJacksonJson
2024-11-24T12:58:52.854-03:00  INFO 93183 --- [nameserver] [           main] c.n.d.provider.DiscoveryJerseyProvider   : Using XML encoding codec XStreamXml
2024-11-24T12:58:52.854-03:00  INFO 93183 --- [nameserver] [           main] c.n.d.provider.DiscoveryJerseyProvider   : Using XML decoding codec XStreamXml
2024-11-24T12:58:52.943-03:00  INFO 93183 --- [nameserver] [           main] c.n.eureka.cluster.PeerEurekaNodes       : Replica node URL:  http://localhost:8761/eureka/
2024-11-24T12:58:52.947-03:00  INFO 93183 --- [nameserver] [           main] c.n.e.registry.AbstractInstanceRegistry  : Finished initializing remote region registries. All known remote regions: []
2024-11-24T12:58:52.947-03:00  INFO 93183 --- [nameserver] [           main] c.n.eureka.DefaultEurekaServerContext    : Initialized
2024-11-24T12:58:52.990-03:00  INFO 93183 --- [nameserver] [           main] o.s.b.a.e.web.EndpointLinksResolver      : Exposing 16 endpoint(s) beneath base path '/actuator'
2024-11-24T12:58:53.024-03:00  INFO 93183 --- [nameserver] [           main] o.s.c.n.e.s.EurekaServiceRegistry        : Registering application NAMESERVER with eureka with status UP
2024-11-24T12:58:53.028-03:00  INFO 93183 --- [nameserver] [      Thread-11] o.s.c.n.e.server.EurekaServerBootstrap   : isAws returned false
2024-11-24T12:58:53.029-03:00  INFO 93183 --- [nameserver] [      Thread-11] o.s.c.n.e.server.EurekaServerBootstrap   : Initialized server context
2024-11-24T12:58:53.029-03:00  INFO 93183 --- [nameserver] [      Thread-11] c.n.e.r.PeerAwareInstanceRegistryImpl    : Got 1 instances from neighboring DS node
2024-11-24T12:58:53.029-03:00  INFO 93183 --- [nameserver] [      Thread-11] c.n.e.r.PeerAwareInstanceRegistryImpl    : Renew threshold is: 1
2024-11-24T12:58:53.029-03:00  INFO 93183 --- [nameserver] [      Thread-11] c.n.e.r.PeerAwareInstanceRegistryImpl    : Changing status to UP
2024-11-24T12:58:53.032-03:00  INFO 93183 --- [nameserver] [      Thread-11] e.s.EurekaServerInitializerConfiguration : Started Eureka Server
2024-11-24T12:58:53.038-03:00  INFO 93183 --- [nameserver] [           main] c.p.n.NameserverApplicationTests         : Started NameserverApplicationTests in 1.679 seconds (process running for 2.207)
]]></system-out>
    <system-err><![CDATA[WARNING: A Java agent has been loaded dynamically (/Users/marinayamaguti/.m2/repository/net/bytebuddy/byte-buddy-agent/1.14.17/byte-buddy-agent-1.14.17.jar)
WARNING: If a serviceability tool is in use, please run with -XX:+EnableDynamicAgentLoading to hide this warning
WARNING: If a serviceability tool is not in use, please run with -Djdk.instrument.traceUsage for more information
WARNING: Dynamic loading of agents will be disallowed by default in a future release
]]></system-err>
  </testcase>
</testsuite>